{"/home/colleen/WebstormProjects/evaluation-harness/src/hydrate.ts": {"path":"/home/colleen/WebstormProjects/evaluation-harness/src/hydrate.ts","statementMap":{"0":{"start":{"line":2,"column":0},"end":{"line":2,"column":26}},"1":{"start":{"line":3,"column":0},"end":{"line":3,"column":31}},"2":{"start":{"line":5,"column":0},"end":{"line":5,"column":38}},"3":{"start":{"line":7,"column":51},"end":{"line":56,"column":2}},"4":{"start":{"line":7,"column":67},"end":{"line":56,"column":2}},"5":{"start":{"line":8,"column":25},"end":{"line":8,"column":66}},"6":{"start":{"line":10,"column":4},"end":{"line":55,"column":5}},"7":{"start":{"line":11,"column":26},"end":{"line":11,"column":111}},"8":{"start":{"line":12,"column":20},"end":{"line":12,"column":47}},"9":{"start":{"line":13,"column":39},"end":{"line":13,"column":47}},"10":{"start":{"line":14,"column":28},"end":{"line":14,"column":92}},"11":{"start":{"line":15,"column":46},"end":{"line":15,"column":48}},"12":{"start":{"line":17,"column":34},"end":{"line":39,"column":10}},"13":{"start":{"line":17,"column":65},"end":{"line":39,"column":10}},"14":{"start":{"line":18,"column":30},"end":{"line":18,"column":56}},"15":{"start":{"line":20,"column":12},"end":{"line":31,"column":13}},"16":{"start":{"line":21,"column":16},"end":{"line":30,"column":17}},"17":{"start":{"line":22,"column":20},"end":{"line":22,"column":88}},"18":{"start":{"line":24,"column":20},"end":{"line":28,"column":23}},"19":{"start":{"line":29,"column":20},"end":{"line":29,"column":78}},"20":{"start":{"line":33,"column":12},"end":{"line":38,"column":14}},"21":{"start":{"line":41,"column":31},"end":{"line":41,"column":67}},"22":{"start":{"line":42,"column":8},"end":{"line":42,"column":46}},"23":{"start":{"line":44,"column":8},"end":{"line":47,"column":10}},"24":{"start":{"line":50,"column":8},"end":{"line":53,"column":11}},"25":{"start":{"line":54,"column":8},"end":{"line":54,"column":18}},"26":{"start":{"line":7,"column":13},"end":{"line":7,"column":51}},"27":{"start":{"line":59,"column":22},"end":{"line":59,"column":48}},"28":{"start":{"line":61,"column":4},"end":{"line":63,"column":5}},"29":{"start":{"line":62,"column":8},"end":{"line":62,"column":75}},"30":{"start":{"line":65,"column":21},"end":{"line":71,"column":25}},"31":{"start":{"line":73,"column":4},"end":{"line":73,"column":73}},"32":{"start":{"line":77,"column":4},"end":{"line":90,"column":6}}},"fnMap":{"0":{"name":"(anonymous_8)","decl":{"start":{"line":7,"column":51},"end":{"line":7,"column":58}},"loc":{"start":{"line":7,"column":67},"end":{"line":56,"column":2}}},"1":{"name":"(anonymous_9)","decl":{"start":{"line":7,"column":67},"end":{"line":7,"column":null}},"loc":{"start":{"line":7,"column":67},"end":{"line":56,"column":1}}},"2":{"name":"(anonymous_10)","decl":{"start":{"line":17,"column":50},"end":{"line":17,"column":57}},"loc":{"start":{"line":17,"column":65},"end":{"line":39,"column":10}}},"3":{"name":"(anonymous_11)","decl":{"start":{"line":17,"column":65},"end":{"line":17,"column":null}},"loc":{"start":{"line":17,"column":65},"end":{"line":39,"column":9}}},"4":{"name":"fetchLiveWebContext","decl":{"start":{"line":58,"column":15},"end":{"line":58,"column":34}},"loc":{"start":{"line":58,"column":48},"end":{"line":74,"column":null}}},"5":{"name":"getFallbackLocalDataset","decl":{"start":{"line":76,"column":9},"end":{"line":76,"column":32}},"loc":{"start":{"line":76,"column":32},"end":{"line":91,"column":1}}}},"branchMap":{"0":{"loc":{"start":{"line":8,"column":25},"end":{"line":8,"column":66}},"type":"binary-expr","locations":[{"start":{"line":8,"column":25},"end":{"line":8,"column":43}},{"start":{"line":8,"column":47},"end":{"line":8,"column":66}}]},"1":{"loc":{"start":{"line":14,"column":28},"end":{"line":14,"column":92}},"type":"cond-expr","locations":[{"start":{"line":14,"column":53},"end":{"line":14,"column":64}},{"start":{"line":14,"column":67},"end":{"line":14,"column":92}}]},"2":{"loc":{"start":{"line":20,"column":12},"end":{"line":31,"column":13}},"type":"if","locations":[{"start":{"line":20,"column":12},"end":{"line":31,"column":13}},{"start":{},"end":{}}]},"3":{"loc":{"start":{"line":27,"column":31},"end":{"line":27,"column":79}},"type":"cond-expr","locations":[{"start":{"line":27,"column":54},"end":{"line":27,"column":65}},{"start":{"line":27,"column":68},"end":{"line":27,"column":79}}]},"4":{"loc":{"start":{"line":52,"column":19},"end":{"line":52,"column":67}},"type":"cond-expr","locations":[{"start":{"line":52,"column":42},"end":{"line":52,"column":53}},{"start":{"line":52,"column":56},"end":{"line":52,"column":67}}]},"5":{"loc":{"start":{"line":61,"column":4},"end":{"line":63,"column":5}},"type":"if","locations":[{"start":{"line":61,"column":4},"end":{"line":63,"column":5}},{"start":{},"end":{}}]},"6":{"loc":{"start":{"line":61,"column":8},"end":{"line":61,"column":46}},"type":"binary-expr","locations":[{"start":{"line":61,"column":8},"end":{"line":61,"column":18}},{"start":{"line":61,"column":22},"end":{"line":61,"column":46}}]},"7":{"loc":{"start":{"line":73,"column":11},"end":{"line":73,"column":72}},"type":"binary-expr","locations":[{"start":{"line":73,"column":11},"end":{"line":73,"column":31}},{"start":{"line":73,"column":35},"end":{"line":73,"column":72}}]}},"s":{"0":0,"1":0,"2":0,"3":0,"4":0,"5":0,"6":0,"7":0,"8":0,"9":0,"10":0,"11":0,"12":0,"13":0,"14":0,"15":0,"16":0,"17":0,"18":0,"19":0,"20":0,"21":0,"22":0,"23":0,"24":0,"25":0,"26":0,"27":0,"28":0,"29":0,"30":0,"31":0,"32":0},"f":{"0":0,"1":0,"2":0,"3":0,"4":0,"5":0},"b":{"0":[0,0],"1":[0,0],"2":[0,0],"3":[0,0],"4":[0,0],"5":[0,0],"6":[0,0],"7":[0,0]}}
,"/home/colleen/WebstormProjects/evaluation-harness/src/judge.ts": {"path":"/home/colleen/WebstormProjects/evaluation-harness/src/judge.ts","statementMap":{"0":{"start":{"line":2,"column":0},"end":{"line":2,"column":44}},"1":{"start":{"line":3,"column":0},"end":{"line":3,"column":31}},"2":{"start":{"line":5,"column":0},"end":{"line":5,"column":24}},"3":{"start":{"line":6,"column":0},"end":{"line":6,"column":38}},"4":{"start":{"line":8,"column":11},"end":{"line":8,"column":72}},"5":{"start":{"line":10,"column":26},"end":{"line":14,"column":2}},"6":{"start":{"line":16,"column":49},"end":{"line":47,"column":2}},"7":{"start":{"line":16,"column":65},"end":{"line":47,"column":2}},"8":{"start":{"line":17,"column":38},"end":{"line":17,"column":43}},"9":{"start":{"line":18,"column":4},"end":{"line":20,"column":7}},"10":{"start":{"line":22,"column":4},"end":{"line":46,"column":5}},"11":{"start":{"line":23,"column":30},"end":{"line":37,"column":10}},"12":{"start":{"line":23,"column":56},"end":{"line":37,"column":10}},"13":{"start":{"line":24,"column":27},"end":{"line":24,"column":52}},"14":{"start":{"line":25,"column":30},"end":{"line":31,"column":14}},"15":{"start":{"line":32,"column":12},"end":{"line":36,"column":15}},"16":{"start":{"line":39,"column":8},"end":{"line":39,"column":41}},"17":{"start":{"line":40,"column":8},"end":{"line":40,"column":60}},"18":{"start":{"line":42,"column":8},"end":{"line":44,"column":11}},"19":{"start":{"line":45,"column":8},"end":{"line":45,"column":18}},"20":{"start":{"line":16,"column":13},"end":{"line":16,"column":49}},"21":{"start":{"line":50,"column":25},"end":{"line":53,"column":109}},"22":{"start":{"line":55,"column":4},"end":{"line":74,"column":5}},"23":{"start":{"line":56,"column":25},"end":{"line":60,"column":10}},"24":{"start":{"line":62,"column":24},"end":{"line":62,"column":43}},"25":{"start":{"line":63,"column":30},"end":{"line":63,"column":88}},"26":{"start":{"line":64,"column":27},"end":{"line":64,"column":52}},"27":{"start":{"line":66,"column":8},"end":{"line":66,"column":51}},"28":{"start":{"line":69,"column":8},"end":{"line":72,"column":11}},"29":{"start":{"line":73,"column":8},"end":{"line":73,"column":61}}},"fnMap":{"0":{"name":"(anonymous_8)","decl":{"start":{"line":16,"column":49},"end":{"line":16,"column":56}},"loc":{"start":{"line":16,"column":65},"end":{"line":47,"column":2}}},"1":{"name":"(anonymous_9)","decl":{"start":{"line":16,"column":65},"end":{"line":16,"column":null}},"loc":{"start":{"line":16,"column":65},"end":{"line":47,"column":1}}},"2":{"name":"(anonymous_10)","decl":{"start":{"line":23,"column":42},"end":{"line":23,"column":49}},"loc":{"start":{"line":23,"column":56},"end":{"line":37,"column":10}}},"3":{"name":"(anonymous_11)","decl":{"start":{"line":23,"column":56},"end":{"line":23,"column":null}},"loc":{"start":{"line":23,"column":56},"end":{"line":37,"column":9}}},"4":{"name":"evaluateOutput","decl":{"start":{"line":49,"column":15},"end":{"line":49,"column":29}},"loc":{"start":{"line":49,"column":38},"end":{"line":75,"column":null}}}},"branchMap":{"0":{"loc":{"start":{"line":8,"column":37},"end":{"line":8,"column":69}},"type":"binary-expr","locations":[{"start":{"line":8,"column":37},"end":{"line":8,"column":63}},{"start":{"line":8,"column":67},"end":{"line":8,"column":69}}]},"1":{"loc":{"start":{"line":43,"column":19},"end":{"line":43,"column":67}},"type":"cond-expr","locations":[{"start":{"line":43,"column":42},"end":{"line":43,"column":53}},{"start":{"line":43,"column":56},"end":{"line":43,"column":67}}]},"2":{"loc":{"start":{"line":62,"column":24},"end":{"line":62,"column":43}},"type":"binary-expr","locations":[{"start":{"line":62,"column":24},"end":{"line":62,"column":37}},{"start":{"line":62,"column":41},"end":{"line":62,"column":43}}]},"3":{"loc":{"start":{"line":71,"column":19},"end":{"line":71,"column":67}},"type":"cond-expr","locations":[{"start":{"line":71,"column":42},"end":{"line":71,"column":53}},{"start":{"line":71,"column":56},"end":{"line":71,"column":67}}]}},"s":{"0":1,"1":1,"2":1,"3":1,"4":1,"5":1,"6":1,"7":1,"8":1,"9":1,"10":1,"11":1,"12":1,"13":1,"14":1,"15":1,"16":1,"17":1,"18":0,"19":0,"20":1,"21":1,"22":1,"23":1,"24":1,"25":0,"26":0,"27":0,"28":1,"29":1},"f":{"0":1,"1":1,"2":1,"3":1,"4":1},"b":{"0":[1,1],"1":[0,0],"2":[1,0],"3":[1,0]}}
,"/home/colleen/WebstormProjects/evaluation-harness/src/runner.ts": {"path":"/home/colleen/WebstormProjects/evaluation-harness/src/runner.ts","statementMap":{"0":{"start":{"line":2,"column":0},"end":{"line":2,"column":28}},"1":{"start":{"line":3,"column":0},"end":{"line":3,"column":44}},"2":{"start":{"line":4,"column":0},"end":{"line":4,"column":29}},"3":{"start":{"line":6,"column":0},"end":{"line":6,"column":38}},"4":{"start":{"line":8,"column":19},"end":{"line":11,"column":2}},"5":{"start":{"line":13,"column":11},"end":{"line":13,"column":80}},"6":{"start":{"line":15,"column":50},"end":{"line":80,"column":2}},"7":{"start":{"line":15,"column":66},"end":{"line":80,"column":2}},"8":{"start":{"line":16,"column":45},"end":{"line":16,"column":50}},"9":{"start":{"line":17,"column":45},"end":{"line":17,"column":47}},"10":{"start":{"line":18,"column":18},"end":{"line":18,"column":27}},"11":{"start":{"line":20,"column":4},"end":{"line":23,"column":7}},"12":{"start":{"line":25,"column":22},"end":{"line":25,"column":32}},"13":{"start":{"line":26,"column":62},"end":{"line":26,"column":64}},"14":{"start":{"line":28,"column":4},"end":{"line":36,"column":5}},"15":{"start":{"line":29,"column":8},"end":{"line":35,"column":10}},"16":{"start":{"line":30,"column":18},"end":{"line":30,"column":44}},"17":{"start":{"line":31,"column":18},"end":{"line":31,"column":74}},"18":{"start":{"line":32,"column":18},"end":{"line":32,"column":82}},"19":{"start":{"line":33,"column":18},"end":{"line":33,"column":83}},"20":{"start":{"line":34,"column":18},"end":{"line":34,"column":61}},"21":{"start":{"line":38,"column":4},"end":{"line":41,"column":7}},"22":{"start":{"line":44,"column":27},"end":{"line":56,"column":6}},"23":{"start":{"line":45,"column":8},"end":{"line":55,"column":11}},"24":{"start":{"line":45,"column":32},"end":{"line":55,"column":10}},"25":{"start":{"line":46,"column":12},"end":{"line":54,"column":13}},"26":{"start":{"line":47,"column":16},"end":{"line":47,"column":45}},"27":{"start":{"line":49,"column":16},"end":{"line":52,"column":19}},"28":{"start":{"line":53,"column":16},"end":{"line":53,"column":26}},"29":{"start":{"line":58,"column":4},"end":{"line":58,"column":105}},"30":{"start":{"line":61,"column":20},"end":{"line":61,"column":60}},"31":{"start":{"line":63,"column":4},"end":{"line":67,"column":7}},"32":{"start":{"line":64,"column":8},"end":{"line":66,"column":9}},"33":{"start":{"line":65,"column":12},"end":{"line":65,"column":49}},"34":{"start":{"line":69,"column":28},"end":{"line":69,"column":50}},"35":{"start":{"line":70,"column":4},"end":{"line":74,"column":7}},"36":{"start":{"line":76,"column":4},"end":{"line":79,"column":6}},"37":{"start":{"line":15,"column":13},"end":{"line":15,"column":50}},"38":{"start":{"line":85,"column":18},"end":{"line":85,"column":28}},"39":{"start":{"line":86,"column":4},"end":{"line":114,"column":5}},"40":{"start":{"line":87,"column":25},"end":{"line":90,"column":10}},"41":{"start":{"line":91,"column":8},"end":{"line":99,"column":10}},"42":{"start":{"line":101,"column":8},"end":{"line":104,"column":11}},"43":{"start":{"line":105,"column":8},"end":{"line":113,"column":10}},"44":{"start":{"line":118,"column":18},"end":{"line":118,"column":28}},"45":{"start":{"line":119,"column":4},"end":{"line":152,"column":5}},"46":{"start":{"line":120,"column":25},"end":{"line":124,"column":10}},"47":{"start":{"line":126,"column":27},"end":{"line":126,"column":72}},"48":{"start":{"line":127,"column":8},"end":{"line":127,"column":81}},"49":{"start":{"line":127,"column":25},"end":{"line":127,"column":81}},"50":{"start":{"line":129,"column":8},"end":{"line":137,"column":10}},"51":{"start":{"line":139,"column":8},"end":{"line":142,"column":11}},"52":{"start":{"line":143,"column":8},"end":{"line":151,"column":10}}},"fnMap":{"0":{"name":"(anonymous_8)","decl":{"start":{"line":15,"column":50},"end":{"line":15,"column":57}},"loc":{"start":{"line":15,"column":66},"end":{"line":80,"column":2}}},"1":{"name":"(anonymous_9)","decl":{"start":{"line":15,"column":66},"end":{"line":15,"column":null}},"loc":{"start":{"line":15,"column":66},"end":{"line":80,"column":1}}},"2":{"name":"(anonymous_10)","decl":{"start":{"line":30,"column":12},"end":{"line":30,"column":15}},"loc":{"start":{"line":30,"column":18},"end":{"line":30,"column":44}}},"3":{"name":"(anonymous_11)","decl":{"start":{"line":31,"column":12},"end":{"line":31,"column":15}},"loc":{"start":{"line":31,"column":18},"end":{"line":31,"column":74}}},"4":{"name":"(anonymous_12)","decl":{"start":{"line":32,"column":12},"end":{"line":32,"column":15}},"loc":{"start":{"line":32,"column":18},"end":{"line":32,"column":82}}},"5":{"name":"(anonymous_13)","decl":{"start":{"line":33,"column":12},"end":{"line":33,"column":15}},"loc":{"start":{"line":33,"column":18},"end":{"line":33,"column":83}}},"6":{"name":"(anonymous_14)","decl":{"start":{"line":34,"column":12},"end":{"line":34,"column":15}},"loc":{"start":{"line":34,"column":18},"end":{"line":34,"column":61}}},"7":{"name":"(anonymous_15)","decl":{"start":{"line":44,"column":46},"end":{"line":44,"column":47}},"loc":{"start":{"line":44,"column":64},"end":{"line":56,"column":5}}},"8":{"name":"(anonymous_16)","decl":{"start":{"line":45,"column":21},"end":{"line":45,"column":30}},"loc":{"start":{"line":45,"column":32},"end":{"line":55,"column":10}}},"9":{"name":"(anonymous_17)","decl":{"start":{"line":45,"column":32},"end":{"line":45,"column":null}},"loc":{"start":{"line":45,"column":32},"end":{"line":55,"column":9}}},"10":{"name":"(anonymous_18)","decl":{"start":{"line":63,"column":20},"end":{"line":63,"column":21}},"loc":{"start":{"line":63,"column":31},"end":{"line":67,"column":5}}},"11":{"name":"runDirectGeminiFlash","decl":{"start":{"line":84,"column":15},"end":{"line":84,"column":35}},"loc":{"start":{"line":84,"column":50},"end":{"line":115,"column":null}}},"12":{"name":"runOpenRouterModel","decl":{"start":{"line":117,"column":15},"end":{"line":117,"column":33}},"loc":{"start":{"line":117,"column":67},"end":{"line":153,"column":null}}}},"branchMap":{"0":{"loc":{"start":{"line":9,"column":12},"end":{"line":9,"column":56}},"type":"binary-expr","locations":[{"start":{"line":9,"column":12},"end":{"line":9,"column":42}},{"start":{"line":9,"column":46},"end":{"line":9,"column":56}}]},"1":{"loc":{"start":{"line":13,"column":37},"end":{"line":13,"column":77}},"type":"binary-expr","locations":[{"start":{"line":13,"column":37},"end":{"line":13,"column":63}},{"start":{"line":13,"column":67},"end":{"line":13,"column":77}}]},"2":{"loc":{"start":{"line":51,"column":27},"end":{"line":51,"column":75}},"type":"cond-expr","locations":[{"start":{"line":51,"column":50},"end":{"line":51,"column":61}},{"start":{"line":51,"column":64},"end":{"line":51,"column":75}}]},"3":{"loc":{"start":{"line":64,"column":8},"end":{"line":66,"column":9}},"type":"if","locations":[{"start":{"line":64,"column":8},"end":{"line":66,"column":9}},{"start":{},"end":{}}]},"4":{"loc":{"start":{"line":96,"column":24},"end":{"line":96,"column":43}},"type":"binary-expr","locations":[{"start":{"line":96,"column":24},"end":{"line":96,"column":37}},{"start":{"line":96,"column":41},"end":{"line":96,"column":43}}]},"5":{"loc":{"start":{"line":103,"column":27},"end":{"line":103,"column":75}},"type":"cond-expr","locations":[{"start":{"line":103,"column":50},"end":{"line":103,"column":61}},{"start":{"line":103,"column":64},"end":{"line":103,"column":75}}]},"6":{"loc":{"start":{"line":126,"column":27},"end":{"line":126,"column":72}},"type":"binary-expr","locations":[{"start":{"line":126,"column":27},"end":{"line":126,"column":66}},{"start":{"line":126,"column":70},"end":{"line":126,"column":72}}]},"7":{"loc":{"start":{"line":126,"column":27},"end":{"line":126,"column":66}},"type":"cond-expr","locations":[{"start":{"line":126,"column":57},"end":{"line":126,"column":59}},{"start":{"line":126,"column":57},"end":{"line":126,"column":66}}]},"8":{"loc":{"start":{"line":126,"column":27},"end":{"line":126,"column":59}},"type":"binary-expr","locations":[{"start":{"line":126,"column":27},"end":{"line":126,"column":59}},{"start":{"line":126,"column":57},"end":{"line":126,"column":59}}]},"9":{"loc":{"start":{"line":126,"column":27},"end":{"line":126,"column":57}},"type":"cond-expr","locations":[{"start":{"line":126,"column":48},"end":{"line":126,"column":50}},{"start":{"line":126,"column":48},"end":{"line":126,"column":57}}]},"10":{"loc":{"start":{"line":126,"column":27},"end":{"line":126,"column":50}},"type":"binary-expr","locations":[{"start":{"line":126,"column":27},"end":{"line":126,"column":50}},{"start":{"line":126,"column":48},"end":{"line":126,"column":50}}]},"11":{"loc":{"start":{"line":126,"column":27},"end":{"line":126,"column":48}},"type":"cond-expr","locations":[{"start":{"line":126,"column":43},"end":{"line":126,"column":46}},{"start":{"line":126,"column":43},"end":{"line":126,"column":48}}]},"12":{"loc":{"start":{"line":126,"column":27},"end":{"line":126,"column":46}},"type":"binary-expr","locations":[{"start":{"line":126,"column":27},"end":{"line":126,"column":46}},{"start":{"line":126,"column":43},"end":{"line":126,"column":46}}]},"13":{"loc":{"start":{"line":127,"column":8},"end":{"line":127,"column":81}},"type":"if","locations":[{"start":{"line":127,"column":8},"end":{"line":127,"column":81}},{"start":{},"end":{}}]},"14":{"loc":{"start":{"line":141,"column":27},"end":{"line":141,"column":75}},"type":"cond-expr","locations":[{"start":{"line":141,"column":50},"end":{"line":141,"column":61}},{"start":{"line":141,"column":64},"end":{"line":141,"column":75}}]}},"s":{"0":1,"1":1,"2":1,"3":1,"4":1,"5":1,"6":1,"7":1,"8":1,"9":1,"10":1,"11":1,"12":1,"13":1,"14":1,"15":1,"16":1,"17":1,"18":1,"19":1,"20":1,"21":1,"22":1,"23":5,"24":5,"25":5,"26":5,"27":0,"28":0,"29":1,"30":1,"31":1,"32":5,"33":5,"34":1,"35":1,"36":1,"37":1,"38":1,"39":1,"40":1,"41":1,"42":1,"43":1,"44":4,"45":4,"46":4,"47":4,"48":0,"49":0,"50":0,"51":4,"52":4},"f":{"0":1,"1":1,"2":1,"3":1,"4":1,"5":1,"6":1,"7":5,"8":5,"9":5,"10":5,"11":1,"12":4},"b":{"0":[1,1],"1":[1,1],"2":[0,0],"3":[5,0],"4":[1,0],"5":[1,0],"6":[4,0],"7":[0,0],"8":[4,0],"9":[0,0],"10":[4,0],"11":[0,0],"12":[4,0],"13":[0,0],"14":[4,0]}}
,"/home/colleen/WebstormProjects/evaluation-harness/src/lib/dbPool.ts": {"path":"/home/colleen/WebstormProjects/evaluation-harness/src/lib/dbPool.ts","statementMap":{"0":{"start":{"line":1,"column":0},"end":{"line":1,"column":26}},"1":{"start":{"line":3,"column":13},"end":{"line":11,"column":6}},"2":{"start":{"line":13,"column":0},"end":{"line":13,"column":20}}},"fnMap":{},"branchMap":{"0":{"loc":{"start":{"line":4,"column":14},"end":{"line":4,"column":47}},"type":"binary-expr","locations":[{"start":{"line":4,"column":14},"end":{"line":4,"column":32}},{"start":{"line":4,"column":36},"end":{"line":4,"column":47}}]},"1":{"loc":{"start":{"line":5,"column":23},"end":{"line":5,"column":51}},"type":"binary-expr","locations":[{"start":{"line":5,"column":23},"end":{"line":5,"column":41}},{"start":{"line":5,"column":45},"end":{"line":5,"column":51}}]}},"s":{"0":0,"1":0,"2":0},"f":{},"b":{"0":[0,0],"1":[0,0]}}
,"/home/colleen/WebstormProjects/evaluation-harness/src/lib/logger.ts": {"path":"/home/colleen/WebstormProjects/evaluation-harness/src/lib/logger.ts","statementMap":{"0":{"start":{"line":1,"column":0},"end":{"line":1,"column":30}},"1":{"start":{"line":3,"column":13},"end":{"line":16,"column":3}}},"fnMap":{},"branchMap":{"0":{"loc":{"start":{"line":4,"column":11},"end":{"line":4,"column":42}},"type":"binary-expr","locations":[{"start":{"line":4,"column":11},"end":{"line":4,"column":32}},{"start":{"line":4,"column":36},"end":{"line":4,"column":42}}]},"1":{"loc":{"start":{"line":11,"column":21},"end":{"line":11,"column":64}},"type":"binary-expr","locations":[{"start":{"line":11,"column":21},"end":{"line":11,"column":41}},{"start":{"line":11,"column":45},"end":{"line":11,"column":64}}]}},"s":{"0":2,"1":2},"f":{},"b":{"0":[2,2],"1":[2,0]}}
}
