TN:
SF:src/hydrate.ts
FN:7,(anonymous_8)
FN:7,(anonymous_9)
FN:17,(anonymous_10)
FN:17,(anonymous_11)
FN:58,fetchLiveWebContext
FN:76,getFallbackLocalDataset
FNF:6
FNH:0
FNDA:0,(anonymous_8)
FNDA:0,(anonymous_9)
FNDA:0,(anonymous_10)
FNDA:0,(anonymous_11)
FNDA:0,fetchLiveWebContext
FNDA:0,getFallbackLocalDataset
DA:2,0
DA:3,0
DA:5,0
DA:7,0
DA:8,0
DA:10,0
DA:11,0
DA:12,0
DA:13,0
DA:14,0
DA:15,0
DA:17,0
DA:18,0
DA:20,0
DA:21,0
DA:22,0
DA:24,0
DA:29,0
DA:33,0
DA:41,0
DA:42,0
DA:44,0
DA:50,0
DA:54,0
DA:59,0
DA:61,0
DA:62,0
DA:65,0
DA:73,0
DA:77,0
LF:30
LH:0
BRDA:8,0,0,0
BRDA:8,0,1,0
BRDA:14,1,0,0
BRDA:14,1,1,0
BRDA:20,2,0,0
BRDA:20,2,1,0
BRDA:27,3,0,0
BRDA:27,3,1,0
BRDA:52,4,0,0
BRDA:52,4,1,0
BRDA:61,5,0,0
BRDA:61,5,1,0
BRDA:61,6,0,0
BRDA:61,6,1,0
BRDA:73,7,0,0
BRDA:73,7,1,0
BRF:16
BRH:0
end_of_record
TN:
SF:src/judge.ts
FN:16,(anonymous_8)
FN:16,(anonymous_9)
FN:23,(anonymous_10)
FN:23,(anonymous_11)
FN:49,evaluateOutput
FNF:5
FNH:5
FNDA:1,(anonymous_8)
FNDA:1,(anonymous_9)
FNDA:1,(anonymous_10)
FNDA:1,(anonymous_11)
FNDA:1,evaluateOutput
DA:2,1
DA:3,1
DA:5,1
DA:6,1
DA:8,1
DA:10,1
DA:16,1
DA:17,1
DA:18,1
DA:22,1
DA:23,1
DA:24,1
DA:25,1
DA:32,1
DA:39,1
DA:40,1
DA:42,0
DA:45,0
DA:50,1
DA:55,1
DA:56,1
DA:62,1
DA:63,0
DA:64,0
DA:66,0
DA:69,1
DA:73,1
LF:27
LH:22
BRDA:8,0,0,1
BRDA:8,0,1,1
BRDA:43,1,0,0
BRDA:43,1,1,0
BRDA:62,2,0,1
BRDA:62,2,1,0
BRDA:71,3,0,1
BRDA:71,3,1,0
BRF:8
BRH:4
end_of_record
TN:
SF:src/runner.ts
FN:15,(anonymous_8)
FN:15,(anonymous_9)
FN:30,(anonymous_10)
FN:31,(anonymous_11)
FN:32,(anonymous_12)
FN:33,(anonymous_13)
FN:34,(anonymous_14)
FN:44,(anonymous_15)
FN:45,(anonymous_16)
FN:45,(anonymous_17)
FN:63,(anonymous_18)
FN:84,runDirectGeminiFlash
FN:117,runOpenRouterModel
FNF:13
FNH:13
FNDA:1,(anonymous_8)
FNDA:1,(anonymous_9)
FNDA:1,(anonymous_10)
FNDA:1,(anonymous_11)
FNDA:1,(anonymous_12)
FNDA:1,(anonymous_13)
FNDA:1,(anonymous_14)
FNDA:5,(anonymous_15)
FNDA:5,(anonymous_16)
FNDA:5,(anonymous_17)
FNDA:5,(anonymous_18)
FNDA:1,runDirectGeminiFlash
FNDA:4,runOpenRouterModel
DA:2,1
DA:3,1
DA:4,1
DA:6,1
DA:8,1
DA:13,1
DA:15,1
DA:16,1
DA:17,1
DA:18,1
DA:20,1
DA:25,1
DA:26,1
DA:28,1
DA:29,1
DA:30,1
DA:31,1
DA:32,1
DA:33,1
DA:34,1
DA:38,1
DA:44,1
DA:45,5
DA:46,5
DA:47,5
DA:49,0
DA:53,0
DA:58,1
DA:61,1
DA:63,1
DA:64,5
DA:65,5
DA:69,1
DA:70,1
DA:76,1
DA:85,1
DA:86,1
DA:87,1
DA:91,1
DA:101,1
DA:105,1
DA:118,4
DA:119,4
DA:120,4
DA:126,4
DA:127,0
DA:129,0
DA:139,4
DA:143,4
LF:49
LH:45
BRDA:9,0,0,1
BRDA:9,0,1,1
BRDA:13,1,0,1
BRDA:13,1,1,1
BRDA:51,2,0,0
BRDA:51,2,1,0
BRDA:64,3,0,5
BRDA:64,3,1,0
BRDA:96,4,0,1
BRDA:96,4,1,0
BRDA:103,5,0,1
BRDA:103,5,1,0
BRDA:126,6,0,4
BRDA:126,6,1,0
BRDA:126,7,0,0
BRDA:126,7,1,0
BRDA:126,8,0,4
BRDA:126,8,1,0
BRDA:126,9,0,0
BRDA:126,9,1,0
BRDA:126,10,0,4
BRDA:126,10,1,0
BRDA:126,11,0,0
BRDA:126,11,1,0
BRDA:126,12,0,4
BRDA:126,12,1,0
BRDA:127,13,0,0
BRDA:127,13,1,0
BRDA:141,14,0,4
BRDA:141,14,1,0
BRF:30
BRH:12
end_of_record
TN:
SF:src/lib/dbPool.ts
FNF:0
FNH:0
DA:1,0
DA:3,0
DA:13,0
LF:3
LH:0
BRDA:4,0,0,0
BRDA:4,0,1,0
BRDA:5,1,0,0
BRDA:5,1,1,0
BRF:4
BRH:0
end_of_record
TN:
SF:src/lib/logger.ts
FNF:0
FNH:0
DA:1,2
DA:3,2
LF:2
LH:2
BRDA:4,0,0,2
BRDA:4,0,1,2
BRDA:11,1,0,2
BRDA:11,1,1,0
BRF:4
BRH:3
end_of_record
